0 info it worked if it ends with ok
1 verbose cli [ '/Users/jorisgriffioen/.nvm/v0.10.40/bin/node',
1 verbose cli   '/Users/jorisgriffioen/.nvm/v0.10.40/bin/npm',
1 verbose cli   'run',
1 verbose cli   'start' ]
2 info using npm@1.4.28
3 info using node@v0.10.40
4 verbose run-script [ 'prestart', 'start', 'poststart' ]
5 info prestart gigBot@0.0.0
6 info start gigBot@0.0.0
7 verbose unsafe-perm in lifecycle true
8 info gigBot@0.0.0 Failed to exec start script
9 error gigBot@0.0.0 start: `node ./app.js`
9 error Exit status 8
10 error Failed at the gigBot@0.0.0 start script.
10 error This is most likely a problem with the gigBot package,
10 error not with npm itself.
10 error Tell the author that this fails on your system:
10 error     node ./app.js
10 error You can get their info via:
10 error     npm owner ls gigBot
10 error There is likely additional logging output above.
11 error System Darwin 15.0.0
12 error command "/Users/jorisgriffioen/.nvm/v0.10.40/bin/node" "/Users/jorisgriffioen/.nvm/v0.10.40/bin/npm" "run" "start"
13 error cwd /Users/jorisgriffioen/gigBot
14 error node -v v0.10.40
15 error npm -v 1.4.28
16 error code ELIFECYCLE
17 verbose exit [ 1, true ]
